<?xml version="1.0" encoding="UTF-8"?>
<testng-results skipped="0" failed="0" ignored="0" total="1" passed="1">
  <reporter-output>
  </reporter-output>
  <suite name="Suite" duration-ms="45476" started-at="2019-05-23T12:05:07Z" finished-at="2019-05-23T12:05:52Z">
    <groups>
      <group name="cucumber">
        <method signature="AbstractTestNGCucumberTests.feature(cucumber.api.testng.CucumberFeatureWrapper)[pri:0, instance:com.zephyr.testrunner.TestRunnerNew@4cf777e8]" name="feature" class="cucumber.api.testng.AbstractTestNGCucumberTests"/>
      </group> <!-- cucumber -->
    </groups>
    <test name="Test" duration-ms="45476" started-at="2019-05-23T12:05:07Z" finished-at="2019-05-23T12:05:52Z">
      <class name="com.zephyr.testrunner.TestRunnerNew">
        <test-method status="PASS" signature="setUpClass()[pri:0, instance:com.zephyr.testrunner.TestRunnerNew@4cf777e8]" name="setUpClass" is-config="true" duration-ms="424" started-at="2019-05-23T12:05:07Z" finished-at="2019-05-23T12:05:07Z">
          <reporter-output>
          </reporter-output>
        </test-method> <!-- setUpClass -->
        <test-method status="PASS" signature="feature(cucumber.api.testng.CucumberFeatureWrapper)[pri:0, instance:com.zephyr.testrunner.TestRunnerNew@4cf777e8]" name="feature" duration-ms="44796" started-at="2019-05-23T12:05:07Z" description="Runs Cucumber Feature" data-provider="features" finished-at="2019-05-23T12:05:52Z">
          <params>
            <param index="0">
              <value>
                <![CDATA[Login into the Amazon Application]]>
              </value>
            </param>
          </params>
          <reporter-output>
          </reporter-output>
        </test-method> <!-- feature -->
        <test-method status="PASS" signature="tearDownClass()[pri:0, instance:com.zephyr.testrunner.TestRunnerNew@4cf777e8]" name="tearDownClass" is-config="true" duration-ms="43" started-at="2019-05-23T12:05:52Z" finished-at="2019-05-23T12:05:52Z">
          <reporter-output>
          </reporter-output>
        </test-method> <!-- tearDownClass -->
      </class> <!-- com.zephyr.testrunner.TestRunnerNew -->
    </test> <!-- Test -->
  </suite> <!-- Suite -->
</testng-results>
